
Running check 'Шаг 1: Подготовка'
=================
APT Repositories:
=================
Repos:
  No active apt repos in: /etc/apt/sources.list
  No active apt repos in: /etc/apt/sources.list.d/cursor.list
  Active apt repos in: /etc/apt/sources.list.d/google-chrome.list
    1: deb [arch=amd64] https://dl.google.com/linux/chrome/deb/ stable main
  No active apt repos in: /etc/apt/sources.list.d/max.list
  No active apt repos in: /etc/apt/sources.list.d/mozilla.list
  Active apt repos in: /etc/apt/sources.list.d/official-package-repositories.list
    1: deb http://mirror.yandex.ru/linuxmint-packages virginia main upstream import backport
    2: deb http://archive.ubuntu.com/ubuntu jammy main restricted universe multiverse
    3: deb http://archive.ubuntu.com/ubuntu jammy-updates main restricted universe multiverse
    4: deb http://archive.ubuntu.com/ubuntu jammy-backports main restricted universe multiverse
    5: deb http://security.ubuntu.com/ubuntu/ jammy-security main restricted universe multiverse
  No active apt repos in: /etc/apt/sources.list.d/skype-stable.list
  No active apt repos in: /etc/apt/sources.list.d/teamviewer.list
=================

Running check 'Версия Linux Mint'
Check succeeded:  Версия Linux Mint

Running check 'Источник питания'
Check succeeded:  Источник питания

Running check 'Кэш APT'
rm -rf /var/lib/apt/lists/*
DEBIAN_PRIORITY=critical apt-get update
Ign:1 http://mirror.yandex.ru/linuxmint-packages virginia InRelease
Get:2 http://mirror.yandex.ru/linuxmint-packages virginia Release [24.1 kB]
Get:3 http://mirror.yandex.ru/linuxmint-packages virginia Release.gpg [833 B]
Get:4 http://mirror.yandex.ru/linuxmint-packages virginia/main amd64 Packages [18.5 kB]
Get:5 http://mirror.yandex.ru/linuxmint-packages virginia/main i386 Packages [17.9 kB]
Get:6 http://mirror.yandex.ru/linuxmint-packages virginia/upstream amd64 Packages [48.8 kB]
Get:7 http://security.ubuntu.com/ubuntu jammy-security InRelease [129 kB]
Get:8 http://mirror.yandex.ru/linuxmint-packages virginia/upstream i386 Packages [14.6 kB]
Get:9 http://mirror.yandex.ru/linuxmint-packages virginia/import amd64 Packages [8306 B]
Get:10 http://mirror.yandex.ru/linuxmint-packages virginia/import i386 Packages [3678 B]
Get:11 http://mirror.yandex.ru/linuxmint-packages virginia/backport i386 Packages [8307 B]
Get:12 http://mirror.yandex.ru/linuxmint-packages virginia/backport amd64 Packages [54.9 kB]
Get:13 http://archive.ubuntu.com/ubuntu jammy InRelease [270 kB]
Get:14 https://dl.google.com/linux/chrome/deb stable InRelease [1825 B]
Get:15 https://dl.google.com/linux/chrome/deb stable/main amd64 Packages [1215 B]
Ign:7 http://security.ubuntu.com/ubuntu jammy-security InRelease
Get:7 http://security.ubuntu.com/ubuntu jammy-security InRelease [129 kB]
Get:16 http://security.ubuntu.com/ubuntu jammy-security/main amd64 Packages [3068 kB]
Ign:13 http://archive.ubuntu.com/ubuntu jammy InRelease
Get:17 http://archive.ubuntu.com/ubuntu jammy-updates InRelease [128 kB]
Ign:17 http://archive.ubuntu.com/ubuntu jammy-updates InRelease
Get:18 http://archive.ubuntu.com/ubuntu jammy-backports InRelease [127 kB]
Ign:18 http://archive.ubuntu.com/ubuntu jammy-backports InRelease
Get:13 http://archive.ubuntu.com/ubuntu jammy InRelease [270 kB]
Ign:13 http://archive.ubuntu.com/ubuntu jammy InRelease
Get:17 http://archive.ubuntu.com/ubuntu jammy-updates InRelease [128 kB]
Get:18 http://archive.ubuntu.com/ubuntu jammy-backports InRelease [127 kB]
Ign:18 http://archive.ubuntu.com/ubuntu jammy-backports InRelease
Get:13 http://archive.ubuntu.com/ubuntu jammy InRelease [270 kB]
Ign:13 http://archive.ubuntu.com/ubuntu jammy InRelease
Get:19 http://archive.ubuntu.com/ubuntu jammy-updates/main i386 Packages [980 kB]
Get:20 http://security.ubuntu.com/ubuntu jammy-security/main i386 Packages [791 kB]
Get:21 http://security.ubuntu.com/ubuntu jammy-security/main Translation-en [438 kB]
Get:22 http://security.ubuntu.com/ubuntu jammy-security/main amd64 DEP-11 Metadata [54.6 kB]
Get:23 http://security.ubuntu.com/ubuntu jammy-security/main amd64 c-n-f Metadata [14.1 kB]
Get:24 http://security.ubuntu.com/ubuntu jammy-security/restricted i386 Packages [49.8 kB]
Get:25 http://security.ubuntu.com/ubuntu jammy-security/restricted amd64 Packages [5356 kB]
Ign:19 http://archive.ubuntu.com/ubuntu jammy-updates/main i386 Packages
Get:26 http://archive.ubuntu.com/ubuntu jammy-updates/main amd64 Packages [3365 kB]
Ign:26 http://archive.ubuntu.com/ubuntu jammy-updates/main amd64 Packages
Get:27 http://archive.ubuntu.com/ubuntu jammy-updates/main Translation-en [512 kB]
Get:28 http://archive.ubuntu.com/ubuntu jammy-updates/main amd64 DEP-11 Metadata [114 kB]
Get:29 http://archive.ubuntu.com/ubuntu jammy-updates/main amd64 c-n-f Metadata [19.6 kB]
Get:30 http://archive.ubuntu.com/ubuntu jammy-updates/restricted amd64 Packages [5608 kB]
Get:31 http://archive.ubuntu.com/ubuntu jammy-updates/restricted i386 Packages [52.7 kB]
Get:32 http://archive.ubuntu.com/ubuntu jammy-updates/restricted Translation-en [1075 kB]
Ign:25 http://security.ubuntu.com/ubuntu jammy-security/restricted amd64 Packages
Get:33 http://security.ubuntu.com/ubuntu jammy-security/restricted Translation-en [1025 kB]
Get:34 http://archive.ubuntu.com/ubuntu jammy-updates/restricted amd64 DEP-11 Metadata [212 B]
Get:35 http://archive.ubuntu.com/ubuntu jammy-updates/restricted amd64 c-n-f Metadata [676 B]
Get:36 http://archive.ubuntu.com/ubuntu jammy-updates/universe amd64 Packages [1262 kB]
Get:37 http://archive.ubuntu.com/ubuntu jammy-updates/universe i386 Packages [800 kB]
Ign:33 http://security.ubuntu.com/ubuntu jammy-security/restricted Translation-en
Get:38 http://security.ubuntu.com/ubuntu jammy-security/restricted amd64 DEP-11 Metadata [208 B]
Get:39 http://security.ubuntu.com/ubuntu jammy-security/restricted amd64 c-n-f Metadata [680 B]
Get:40 http://security.ubuntu.com/ubuntu jammy-security/universe amd64 Packages [1025 kB]
Get:41 http://archive.ubuntu.com/ubuntu jammy-updates/universe Translation-en [316 kB]
Get:42 http://archive.ubuntu.com/ubuntu jammy-updates/universe amd64 DEP-11 Metadata [360 kB]
Get:43 http://security.ubuntu.com/ubuntu jammy-security/universe i386 Packages [689 kB]
Get:44 http://archive.ubuntu.com/ubuntu jammy-updates/universe amd64 c-n-f Metadata [30.5 kB]
Get:45 http://archive.ubuntu.com/ubuntu jammy-updates/multiverse amd64 Packages [59.0 kB]
Get:46 http://archive.ubuntu.com/ubuntu jammy-updates/multiverse i386 Packages [8984 B]
Get:47 http://archive.ubuntu.com/ubuntu jammy-updates/multiverse Translation-en [13.5 kB]
Get:48 http://archive.ubuntu.com/ubuntu jammy-updates/multiverse amd64 DEP-11 Metadata [940 B]
Get:49 http://archive.ubuntu.com/ubuntu jammy-updates/multiverse amd64 c-n-f Metadata [612 B]
Get:18 http://archive.ubuntu.com/ubuntu jammy-backports InRelease [127 kB]
Get:13 http://archive.ubuntu.com/ubuntu jammy InRelease [270 kB]
Get:50 http://archive.ubuntu.com/ubuntu jammy-backports/main amd64 Packages [69.4 kB]
Get:51 http://archive.ubuntu.com/ubuntu jammy-backports/main i386 Packages [61.1 kB]
Get:52 http://archive.ubuntu.com/ubuntu jammy-backports/main Translation-en [11.5 kB]
Get:53 http://archive.ubuntu.com/ubuntu jammy-backports/main amd64 DEP-11 Metadata [7368 B]
Get:54 http://archive.ubuntu.com/ubuntu jammy-backports/main amd64 c-n-f Metadata [412 B]
Get:55 http://archive.ubuntu.com/ubuntu jammy-backports/restricted amd64 DEP-11 Metadata [212 B]
Get:56 http://archive.ubuntu.com/ubuntu jammy-backports/restricted amd64 c-n-f Metadata [116 B]
Get:57 http://archive.ubuntu.com/ubuntu jammy-backports/universe i386 Packages [19.3 kB]
Get:58 http://archive.ubuntu.com/ubuntu jammy-backports/universe amd64 Packages [30.4 kB]
Get:59 http://archive.ubuntu.com/ubuntu jammy-backports/universe Translation-en [16.9 kB]
Get:60 http://archive.ubuntu.com/ubuntu jammy-backports/universe amd64 DEP-11 Metadata [7280 B]
Get:61 http://archive.ubuntu.com/ubuntu jammy-backports/universe amd64 c-n-f Metadata [672 B]
Get:62 http://archive.ubuntu.com/ubuntu jammy-backports/multiverse amd64 DEP-11 Metadata [212 B]
Get:63 http://archive.ubuntu.com/ubuntu jammy-backports/multiverse amd64 c-n-f Metadata [116 B]
Get:64 http://archive.ubuntu.com/ubuntu jammy/main amd64 Packages [1395 kB]
Get:65 http://archive.ubuntu.com/ubuntu jammy/main i386 Packages [1040 kB]
Get:66 http://archive.ubuntu.com/ubuntu jammy/main Translation-en [510 kB]
Get:67 http://archive.ubuntu.com/ubuntu jammy/main amd64 DEP-11 Metadata [423 kB]
Get:68 http://archive.ubuntu.com/ubuntu jammy/main amd64 c-n-f Metadata [30.3 kB]
Get:69 http://archive.ubuntu.com/ubuntu jammy/restricted amd64 Packages [129 kB]
Get:70 http://archive.ubuntu.com/ubuntu jammy/restricted i386 Packages [30.4 kB]
Get:71 http://archive.ubuntu.com/ubuntu jammy/restricted Translation-en [18.6 kB]
Get:72 http://archive.ubuntu.com/ubuntu jammy/restricted amd64 c-n-f Metadata [488 B]
Get:73 http://archive.ubuntu.com/ubuntu jammy/universe i386 Packages [7474 kB]
Ign:43 http://security.ubuntu.com/ubuntu jammy-security/universe i386 Packages
Get:74 http://security.ubuntu.com/ubuntu jammy-security/universe Translation-en [226 kB]
Ign:74 http://security.ubuntu.com/ubuntu jammy-security/universe Translation-en
Get:75 http://security.ubuntu.com/ubuntu jammy-security/universe amd64 DEP-11 Metadata [125 kB]
Ign:75 http://security.ubuntu.com/ubuntu jammy-security/universe amd64 DEP-11 Metadata
Get:76 http://security.ubuntu.com/ubuntu jammy-security/universe amd64 c-n-f Metadata [22.8 kB]
Get:77 http://security.ubuntu.com/ubuntu jammy-security/multiverse i386 Packages [5628 B]
Get:78 http://security.ubuntu.com/ubuntu jammy-security/multiverse amd64 Packages [51.9 kB]
Get:79 http://security.ubuntu.com/ubuntu jammy-security/multiverse Translation-en [10.6 kB]
Get:80 http://security.ubuntu.com/ubuntu jammy-security/multiverse amd64 DEP-11 Metadata [208 B]
Get:81 http://security.ubuntu.com/ubuntu jammy-security/multiverse amd64 c-n-f Metadata [388 B]
Get:25 http://security.ubuntu.com/ubuntu jammy-security/restricted amd64 Packages [5356 kB]
Get:33 http://security.ubuntu.com/ubuntu jammy-security/restricted Translation-en [1025 kB]
Get:82 http://archive.ubuntu.com/ubuntu jammy/universe amd64 Packages [14.1 MB]
Get:43 http://security.ubuntu.com/ubuntu jammy-security/universe i386 Packages [689 kB]
Get:74 http://security.ubuntu.com/ubuntu jammy-security/universe Translation-en [226 kB]
Get:75 http://security.ubuntu.com/ubuntu jammy-security/universe amd64 DEP-11 Metadata [125 kB]
mintupgrade-inhibit-power: процесс не найден
